<?xml version="1.0" encoding="UTF-8"?>
<!-- Generated by org.testng.reporters.JUnitXMLReporter -->
<testsuite ignored="4" hostname="Bhavesh" failures="0" tests="1" name="Default test(failed)" time="7.035" errors="0" timestamp="2022-08-19T12:10:18 IST">
  <testcase classname="TestCases.LoginPageTest" name="verifyAppTitleTest" time="0.013"/>
  <testcase classname="TestCases.LoginPageTest" name="verifyZerodhaLogoTest" time="0.0">
    <ignored/>
  </testcase> <!-- verifyZerodhaLogoTest -->
  <testcase classname="TestCases.LoginPageTest" name="verifyKiteLabelTest" time="0.0">
    <ignored/>
  </testcase> <!-- verifyKiteLabelTest -->
  <testcase classname="TestCases.LoginPageTest" name="loginZerodhaAppTest" time="0.0">
    <ignored/>
  </testcase> <!-- loginZerodhaAppTest -->
  <testcase classname="TestCases.LoginPageTest" name="verifyKiteLogoTest" time="0.0">
    <ignored/>
  </testcase> <!-- verifyKiteLogoTest -->
</testsuite> <!-- Default test(failed) -->
