<?xml version="1.0" encoding="UTF-8"?>
<!-- Generated by org.testng.reporters.JUnitXMLReporter -->
<testsuite ignored="0" hostname="Bhavesh" failures="0" tests="4" name="Test" time="13.402" errors="0" timestamp="2022-08-19T12:04:00 IST">
  <testcase classname="TestCases.ParallelTest" name="openKite" time="5.765"/>
  <testcase classname="TestCases.ParallelTest" name="openGoogle" time="6.744"/>
  <testcase classname="TestCases.ParallelTest" name="openFB" time="8.34"/>
  <testcase classname="TestCases.ParallelTest" name="openRediff" time="13.359"/>
</testsuite> <!-- Test -->
